<?xml version="1.0" encoding="UTF-8"?>
<testsuite xmlns:xsi="http://www.w3.org/2001/XMLSchema-instance" xsi:noNamespaceSchemaLocation="https://maven.apache.org/surefire/maven-surefire-plugin/xsd/surefire-test-report-3.0.xsd" version="3.0" name="com.microservices.notification.application.service.NotificationServiceTest$ProcessOrderCreatedEventTests" time="0.063" tests="4" errors="0" skipped="0" failures="0">
  <properties>
[...]
</properties>
  <testcase name="shouldSendEmailToCorrectAddress" classname="com.microservices.notification.application.service.NotificationServiceTest$ProcessOrderCreatedEventTests" time="0.01">
    <system-out><![CDATA[13:00:48.631 [main] INFO com.microservices.notification.application.service.NotificationService -- 📩 Procesando evento de orden creada: order-123
13:00:48.632 [main] INFO com.microservices.notification.application.service.NotificationService -- ✅ Notificación enviada exitosamente para orden: order-123
]]></system-out>
  </testcase>
  <testcase name="shouldHandleEmailSendingFailure" classname="com.microservices.notification.application.service.NotificationServiceTest$ProcessOrderCreatedEventTests" time="0.02">
    <system-out><![CDATA[13:00:48.653 [main] INFO com.microservices.notification.application.service.NotificationService -- 📩 Procesando evento de orden creada: order-123
13:00:48.655 [main] WARN com.microservices.notification.application.service.NotificationService -- ⚠️ Falló el envío de notificación para orden: order-123
]]></system-out>
  </testcase>
  <testcase name="shouldIncludeOrderInfoInEmail" classname="com.microservices.notification.application.service.NotificationServiceTest$ProcessOrderCreatedEventTests" time="0.011">
    <system-out><![CDATA[13:00:48.671 [main] INFO com.microservices.notification.application.service.NotificationService -- 📩 Procesando evento de orden creada: order-123
13:00:48.672 [main] INFO com.microservices.notification.application.service.NotificationService -- ✅ Notificación enviada exitosamente para orden: order-123
]]></system-out>
  </testcase>
  <testcase name="shouldSendEmailWhenOrderIsCreated" classname="com.microservices.notification.application.service.NotificationServiceTest$ProcessOrderCreatedEventTests" time="0.008">
    <system-out><![CDATA[13:00:48.680 [main] INFO com.microservices.notification.application.service.NotificationService -- 📩 Procesando evento de orden creada: order-123
13:00:48.682 [main] INFO com.microservices.notification.application.service.NotificationService -- ✅ Notificación enviada exitosamente para orden: order-123
]]></system-out>
  </testcase>
</testsuite>